<?xml version="1.0" encoding="UTF-8"?>
<testsuite xmlns:xsi="http://www.w3.org/2001/XMLSchema-instance" xsi:noNamespaceSchemaLocation="https://maven.apache.org/surefire/maven-surefire-plugin/xsd/surefire-test-report.xsd" version="3.0.2" name="es.uma.informatica.daw.practicajpa.PracticaJpaApplicationTests" time="2.563" tests="1" errors="0" skipped="0" failures="0">
  <properties>
[...]
</properties>
  <testcase name="contextLoads" classname="es.uma.informatica.daw.practicajpa.PracticaJpaApplicationTests" time="0.345">
    <system-out><![CDATA[11:45:43.876 [main] INFO org.springframework.test.context.support.AnnotationConfigContextLoaderUtils -- Could not detect default configuration classes for test class [es.uma.informatica.daw.practicajpa.PracticaJpaApplicationTests]: PracticaJpaApplicationTests does not declare any static, non-private, non-final, nested classes annotated with @Configuration.
11:45:43.956 [main] INFO org.springframework.boot.test.context.SpringBootTestContextBootstrapper -- Found @SpringBootConfiguration es.uma.informatica.daw.practicajpa.PracticaJpaApplication for test class es.uma.informatica.daw.practicajpa.PracticaJpaApplicationTests

  .   ____          _            __ _ _
 /\\ / ___'_ __ _ _(_)_ __  __ _ \ \ \ \
( ( )\___ | '_ | '_| | '_ \/ _` | \ \ \ \
 \\/  ___)| |_)| | | | | || (_| |  ) ) ) )
  '  |____| .__|_| |_|_| |_\__, | / / / /
 =========|_|==============|___/=/_/_/_/

 :: Spring Boot ::                (v4.0.3)

2026-03-23T11:45:44.260+01:00  INFO 24773 --- [practica-jpa] [           main] e.u.i.d.p.PracticaJpaApplicationTests    : Starting PracticaJpaApplicationTests using Java 21.0.8 with PID 24773 (started by miguel in /home/miguel/Desktop/uma-25-26-2/DAW/practica2)
2026-03-23T11:45:44.262+01:00  INFO 24773 --- [practica-jpa] [           main] e.u.i.d.p.PracticaJpaApplicationTests    : No active profile set, falling back to 1 default profile: "default"
2026-03-23T11:45:44.536+01:00  INFO 24773 --- [practica-jpa] [           main] .s.d.r.c.RepositoryConfigurationDelegate : Bootstrapping Spring Data JPA repositories in DEFAULT mode.
2026-03-23T11:45:44.551+01:00  INFO 24773 --- [practica-jpa] [           main] .s.d.r.c.RepositoryConfigurationDelegate : Finished Spring Data repository scanning in 8 ms. Found 0 JPA repository interfaces.
2026-03-23T11:45:44.778+01:00  INFO 24773 --- [practica-jpa] [           main] org.hibernate.orm.jpa                    : HHH008540: Processing PersistenceUnitInfo [name: default]
2026-03-23T11:45:44.808+01:00  INFO 24773 --- [practica-jpa] [           main] org.hibernate.orm.core                   : HHH000001: Hibernate ORM core version 7.2.4.Final
2026-03-23T11:45:45.090+01:00  INFO 24773 --- [practica-jpa] [           main] o.s.o.j.p.SpringPersistenceUnitInfo      : No LoadTimeWeaver setup: ignoring JPA class transformer
2026-03-23T11:45:45.110+01:00  INFO 24773 --- [practica-jpa] [           main] com.zaxxer.hikari.HikariDataSource       : HikariPool-1 - Starting...
2026-03-23T11:45:45.254+01:00  INFO 24773 --- [practica-jpa] [           main] com.zaxxer.hikari.pool.HikariPool        : HikariPool-1 - Added connection conn0: url=jdbc:h2:mem:practica-jpa user=SA
2026-03-23T11:45:45.256+01:00  INFO 24773 --- [practica-jpa] [           main] com.zaxxer.hikari.HikariDataSource       : HikariPool-1 - Start completed.
2026-03-23T11:45:45.275+01:00  WARN 24773 --- [practica-jpa] [           main] org.hibernate.orm.deprecation            : HHH90000025: H2Dialect does not need to be specified explicitly using 'hibernate.dialect' (remove the property setting and it will be selected by default)
2026-03-23T11:45:45.294+01:00  INFO 24773 --- [practica-jpa] [           main] org.hibernate.orm.connections.pooling    : HHH10001005: Database info:
	Database JDBC URL [jdbc:h2:mem:practica-jpa]
	Database driver: H2 JDBC Driver
	Database dialect: H2Dialect
	Database version: 2.4.240
	Default catalog/schema: PRACTICA-JPA/PUBLIC
	Autocommit mode: undefined/unknown
	Isolation level: READ_COMMITTED [default READ_COMMITTED]
	JDBC fetch size: 100
	Pool: DataSourceConnectionProvider
	Minimum pool size: undefined/unknown
	Maximum pool size: undefined/unknown
2026-03-23T11:45:45.826+01:00  INFO 24773 --- [practica-jpa] [           main] org.hibernate.orm.core                   : HHH000489: No JTA platform available (set 'hibernate.transaction.jta.platform' to enable JTA platform integration)
2026-03-23T11:45:45.842+01:00  INFO 24773 --- [practica-jpa] [           main] j.LocalContainerEntityManagerFactoryBean : Initialized JPA EntityManagerFactory for persistence unit 'default'
2026-03-23T11:45:45.949+01:00  INFO 24773 --- [practica-jpa] [           main] e.u.i.d.p.PracticaJpaApplicationTests    : Started PracticaJpaApplicationTests in 1.885 seconds (process running for 2.628)
]]></system-out>
    <system-err><![CDATA[Mockito is currently self-attaching to enable the inline-mock-maker. This will no longer work in future releases of the JDK. Please add Mockito as an agent to your build as described in Mockito's documentation: https://javadoc.io/doc/org.mockito/mockito-core/latest/org.mockito/org/mockito/Mockito.html#0.3
WARNING: A Java agent has been loaded dynamically (/home/miguel/.m2/repository/net/bytebuddy/byte-buddy-agent/1.17.8/byte-buddy-agent-1.17.8.jar)
WARNING: If a serviceability tool is in use, please run with -XX:+EnableDynamicAgentLoading to hide this warning
WARNING: If a serviceability tool is not in use, please run with -Djdk.instrument.traceUsage for more information
WARNING: Dynamic loading of agents will be disallowed by default in a future release
]]></system-err>
  </testcase>
</testsuite>